<?xml version="1.0" encoding="UTF-8"?>
<!-- Generated by org.testng.reporters.JUnitReportReporter -->
<testsuite skipped="0" hostname="LAPTOP-G99MGK26" name="RecruitmentTest.VacancyTest" tests="1" failures="0" timestamp="2019-09-28T23:43:34 IST" time="8.777" errors="0">
  <testcase name="Addvacaency" time="8.777" classname="RecruitmentTest.VacancyTest"/>
</testsuite> <!-- RecruitmentTest.VacancyTest -->
